<?xml version="1.0" encoding="UTF-8"?>
<!-- Generated by org.testng.reporters.JUnitReportReporter -->
<testsuite hostname="DESKTOP-F7EP6QG" failures="0" tests="3" name="Runner.Runner" time="15.121" errors="0" timestamp="2025-07-24T23:50:15 IST" skipped="0">
  <testcase classname="Runner.Runner" name="runScenario" time="5.051">
    <system-out>
      <![CDATA[actiTIME - Login]]>
    </system-out>
  </testcase> <!-- runScenario -->
  <testcase classname="Runner.Runner" name="runScenario" time="6.002">
    <system-out>
      <![CDATA[actiTIME - Enter Time-Track]]>
    </system-out>
  </testcase> <!-- runScenario -->
  <testcase classname="Runner.Runner" name="runScenario" time="4.068">
    <system-out>
      <![CDATA[actiTIME - Login]]>
    </system-out>
  </testcase> <!-- runScenario -->
  <system-out>
    <![CDATA[actiTIME - Enter Time-Track
actiTIME - Login
actiTIME - Login]]>
  </system-out>
</testsuite> <!-- Runner.Runner -->
