<?xml version="1.0" encoding="UTF-8"?>
<!-- Generated by org.testng.reporters.JUnitReportReporter -->
<testsuite hostname="DESKTOP-F7EP6QG" failures="0" tests="1" name="com.actiTime.testscript.CustomerModule" time="0.000" errors="0" timestamp="2025-06-20T12:38:43 IST" skipped="1">
  <testcase classname="com.actiTime.testscript.CustomerModule" name="testCreateCustomer" time="0.000">
    <skipped/>
  </testcase> <!-- testCreateCustomer -->
</testsuite> <!-- com.actiTime.testscript.CustomerModule -->
