<?xml version="1.0" encoding="UTF-8"?>
<!-- Generated by org.testng.reporters.JUnitReportReporter -->
<testsuite hostname="DESKTOP-F7EP6QG" failures="0" tests="1" name="com.actiTime.testscript.ProjectModule" time="0.000" errors="0" timestamp="2025-07-25T19:32:05 IST" skipped="1">
  <testcase classname="com.actiTime.testscript.ProjectModule" name="testCreateProject" time="0.000">
    <skipped/>
  </testcase> <!-- testCreateProject -->
</testsuite> <!-- com.actiTime.testscript.ProjectModule -->
